2026-01-04 18:22:39 - audio-language-trainer - DEBUG - story.py:145 - Getting Phrase data from Firestore for phrase_hash: story_a_test_story_232dea#part_2#0#sam_wake_up_we_need_to_leave_in_thirty_minutes_57df1c
2026-01-04 18:22:39 - audio-language-trainer - DEBUG - story.py:145 - Getting Phrase data from Firestore for phrase_hash: story_a_test_story_232dea#part_2#1#what_oh_no_i_hid_my_hiking_boots_somewhere_and_can_9ed1c9
2026-01-04 18:22:39 - audio-language-trainer - DEBUG - story.py:145 - Getting Phrase data from Firestore for phrase_hash: story_a_test_story_232dea#part_1#0#hey_sam_did_you_book_the_tickets_for_the_hiking_tr_5a2e92
2026-01-04 18:22:39 - audio-language-trainer - DEBUG - story.py:145 - Getting Phrase data from Firestore for phrase_hash: story_a_test_story_232dea#part_1#1#yes_i_just_signed_the_forms_yesterday_its_going_to_9a3ca4
2026-01-04 18:22:39 - audio-language-trainer - DEBUG - story.py:145 - Getting Phrase data from Firestore for phrase_hash: story_a_test_story_232dea#part_3#0#wow_that_was_a_close_call_i_cant_believe_we_made_i_fae682
2026-01-04 18:22:39 - audio-language-trainer - DEBUG - story.py:145 - Getting Phrase data from Firestore for phrase_hash: story_a_test_story_232dea#part_3#1#i_told_you_we_would_survive_this_your_face_showed__57c5ab
2026-01-04 18:22:40 - audio-language-trainer - DEBUG - story.py:145 - Getting Phrase data from Firestore for phrase_hash: story_a_test_story_2_a5e6f2#part_2#0#sam_wake_up_we_might_need_a_third_story_f74ff9
2026-01-04 18:22:40 - audio-language-trainer - DEBUG - story.py:145 - Getting Phrase data from Firestore for phrase_hash: story_a_test_story_2_a5e6f2#part_2#1#what_oh_no_9f4161
2026-01-04 18:22:40 - audio-language-trainer - DEBUG - story.py:145 - Getting Phrase data from Firestore for phrase_hash: story_a_test_story_2_a5e6f2#part_1#0#hey_sam_this_is_our_second_story_60669d
2026-01-04 18:22:40 - audio-language-trainer - DEBUG - story.py:145 - Getting Phrase data from Firestore for phrase_hash: story_a_test_story_2_a5e6f2#part_1#1#amazing_161fdc
2026-01-04 18:22:40 - audio-language-trainer - DEBUG - story.py:145 - Getting Phrase data from Firestore for phrase_hash: story_a_test_story_2_a5e6f2#part_3#0#wow_i_love_bananas_bfc7cd
2026-01-04 18:22:40 - audio-language-trainer - DEBUG - story.py:145 - Getting Phrase data from Firestore for phrase_hash: story_a_test_story_2_a5e6f2#part_3#1#bananas_are_yellow__is_that_why_the_end_of_our_sto_49378f
2026-01-04 18:22:42 - audio-language-trainer - DEBUG - storage.py:246 - creating directory for local save to directory='../outputs/gcs\\audio-language-trainer-stories\\stories' for file_path='stories/index.html'
2026-01-04 18:22:42 - audio-language-trainer - INFO - story_index.py:31 - Published index at https://storage.googleapis.com/audio-language-trainer-stories/stories/index.html
2026-01-04 18:22:42 - audio-language-trainer - INFO - story_index.py:155 - Updating index for en-GB with 2 stories
2026-01-04 18:22:42 - audio-language-trainer - INFO - story_index.py:141 - Adding 4 stories for en-GB
2026-01-04 18:22:42 - audio-language-trainer - DEBUG - story_index.py:142 - Stories to add 4 and they are [PublishedStory(source_language=Language.make(language='en', territory='GB'), target_language=Language.make(language='fr', territory='FR'), gcs_path='stories/en-GB/fr-FR/a_test_story_232dea/', active=True, public_url='https://storage.googleapis.com/audio-language-trainer-stories/stories/en-GB/fr-FR/a_test_story_232dea/index.html', title='A Test Story', deck='Pack01', collection='Test'), PublishedStory(source_language=Language.make(language='en', territory='GB'), target_language=Language.make(language='it', territory='IT'), gcs_path='stories/en-GB/it-IT/a_test_story_232dea/', active=True, public_url='https://storage.googleapis.com/audio-language-trainer-stories/stories/en-GB/it-IT/a_test_story_232dea/index.html', title='A Test Story', deck='Pack01', collection='Test'), PublishedStory(source_language=Language.make(language='en', territory='GB'), target_language=Language.make(language='fr', territory='FR'), gcs_path='stories/en-GB/fr-FR/a_test_story_2_a5e6f2/', active=True, public_url='https://storage.googleapis.com/audio-language-trainer-stories/stories/en-GB/fr-FR/a_test_story_2_a5e6f2/index.html', title='A Test Story 2', deck='Pack01', collection='Test2'), PublishedStory(source_language=Language.make(language='en', territory='GB'), target_language=Language.make(language='it', territory='IT'), gcs_path='stories/en-GB/it-IT/a_test_story_2_a5e6f2/', active=True, public_url='https://storage.googleapis.com/audio-language-trainer-stories/stories/en-GB/it-IT/a_test_story_2_a5e6f2/index.html', title='A Test Story 2', deck='Pack01', collection='Test2')]
2026-01-04 18:22:42 - audio-language-trainer - DEBUG - storage.py:246 - creating directory for local save to directory='../outputs/gcs\\audio-language-trainer-stories\\stories/en-GB' for file_path='stories/en-GB/index.html'
2026-01-04 18:22:42 - audio-language-trainer - INFO - story_index.py:31 - Published index at https://storage.googleapis.com/audio-language-trainer-stories/stories/en-GB/index.html
2026-01-04 18:22:42 - audio-language-trainer - INFO - story_index.py:160 - Updating index for en-GB -> ('it-IT', 'Italian')
2026-01-04 18:22:42 - audio-language-trainer - INFO - story_index.py:102 - Stories to add 2 for en-GB -> it-IT
2026-01-04 18:22:42 - audio-language-trainer - DEBUG - storage.py:246 - creating directory for local save to directory='../outputs/gcs\\audio-language-trainer-stories\\stories/en-GB/it-IT' for file_path='stories/en-GB/it-IT/index.html'
2026-01-04 18:22:42 - audio-language-trainer - INFO - story_index.py:31 - Published index at https://storage.googleapis.com/audio-language-trainer-stories/stories/en-GB/it-IT/index.html
2026-01-04 18:22:42 - audio-language-trainer - INFO - story_index.py:160 - Updating index for en-GB -> ('fr-FR', 'French')
2026-01-04 18:22:42 - audio-language-trainer - INFO - story_index.py:102 - Stories to add 2 for en-GB -> fr-FR
2026-01-04 18:22:42 - audio-language-trainer - DEBUG - storage.py:246 - creating directory for local save to directory='../outputs/gcs\\audio-language-trainer-stories\\stories/en-GB/fr-FR' for file_path='stories/en-GB/fr-FR/index.html'
2026-01-04 18:22:42 - audio-language-trainer - INFO - story_index.py:31 - Published index at https://storage.googleapis.com/audio-language-trainer-stories/stories/en-GB/fr-FR/index.html
